2022/07/07 21:01:15 FastKeys sid=121 , Natural Fruit Teas
2022/07/07 21:01:15 FastKeys sid=94 , Passionfruit QQ Jasmine Tea
2022/07/07 21:01:15 FastKeys sid=95 , Passionfruit QQ Mtn Green Tea
2022/07/07 21:01:15 FastKeys sid=96 , Signature 6 Fruits Tea
2022/07/07 21:01:15 FastKeys sid=97 , 3C Jasmine Tea
2022/07/07 21:01:15 FastKeys sid=98 , Kiwi Iced Tea
2022/07/07 21:01:15 FastKeys sid=99 , Lychee Aloe Jasmine Tea
2022/07/07 21:01:15 FastKeys sid=100 , One Orange Mtn Green Tea
2022/07/07 21:01:15 FastKeys sid=101 , Grapefruit Orange Mtn Green Tea
2022/07/07 21:01:15 FastKeys sid=102 , Kumquat Jasmine Tea Italian Style
2022/07/07 21:01:15 FastKeys sid=103 , Citrus Lemon Black Tea
2022/07/07 21:01:15 FastKeys sid=104 , Citrus Lemon Green Tea
2022/07/07 21:01:15 FastKeys sid=105 , Kiwi Carnival
2022/07/07 21:01:15 FastKeys sid=106 , Kumquat Citrus Lemon Juice
2022/07/07 21:01:15 FastKeys sid=107 , Lychee Aloe Mtn Green Tea
2022/07/07 21:01:15 FastKeys sid=150 , Summer Delight
2022/07/07 21:01:15 FastKeys sid=170 , Passionfruit Grapefruit Carnival
2022/07/07 21:01:15 FastKeys sid=346 , Guava Citrus MTN Green Tea w/Fig Jelly
2022/07/07 21:01:15 FastKeys sid=347 , Guava Jasmine Tea with Agar
2022/07/07 21:01:15 FastKeys sid=348 , Guava MTN Green Tea with Agar
2022/07/07 21:01:15 FastKeys sid=349 , Guava Jasmine Tea with Agar
2022/07/07 21:01:15 FastKeys sid=345 , Guava Citrus Jasmine Tea with Fig Jelly
2022/07/07 21:01:15 FastKeys sid=122 , TOP 10
2022/07/07 21:01:15 FastKeys sid=108 , Passionfruit QQ Jasmine Tea
2022/07/07 21:01:15 FastKeys sid=109 , One Orange Mtn Green Tea
2022/07/07 21:01:15 FastKeys sid=110 , Signature Milk Tea
2022/07/07 21:01:15 FastKeys sid=111 , Signature 6 Fruits Tea
2022/07/07 21:01:15 FastKeys sid=112 , 3C Jasmine Tea
2022/07/07 21:01:15 FastKeys sid=113 , Kiwi Carnival
2022/07/07 21:01:15 FastKeys sid=114 , Fig Jelly Citrus Lemon Frappe
2022/07/07 21:01:15 FastKeys sid=115 , Gelato Black Tea
2022/07/07 21:01:15 FastKeys sid=116 , Smoked Oolong Tea Latte
2022/07/07 21:01:15 FastKeys sid=117 , Magical Purple Grape Yakult® (with aloe)
2022/07/07 21:01:15 FastKeys sid=1384 , Guava Jasmine Tea with Agar
2022/07/07 21:01:15 FastKeys sid=1368 , Taro Smoothie
2022/07/07 21:01:15 FastKeys sid=123 , Freshly Brewed Teas
2022/07/07 21:01:15 FastKeys sid=118 , Finest Assam Black Tea
2022/07/07 21:01:15 FastKeys sid=119 , Special Grade Jasmine Green Tea
2022/07/07 21:01:15 FastKeys sid=120 , Hand-picked Mtn Green Tea
2022/07/07 21:01:15 FastKeys sid=131 , Supreme Smoked Oolong Tea
2022/07/07 21:01:15 FastKeys sid=124 , Healthy Yakult Drinks
2022/07/07 21:01:15 FastKeys sid=132 , Passionfruit Juice with Yakult®
2022/07/07 21:01:15 FastKeys sid=133 , Lemon Juice with Yakult®
2022/07/07 21:01:15 FastKeys sid=134 , Grapefruit Juice with Yakult®
2022/07/07 21:01:15 FastKeys sid=135 , Magical Purple Grape Yakult® (with aloe)
2022/07/07 21:01:15 FastKeys sid=136 , White Magic Lychee Yakult® (with aloe)
2022/07/07 21:01:15 FastKeys sid=137 , Jasmine Tea with Yakult®
2022/07/07 21:01:15 FastKeys sid=174 , Grapefruit Orange Yakult
2022/07/07 21:01:15 FastKeys sid=350 , Guava Yakult
2022/07/07 21:01:15 FastKeys sid=125 , Winter Melon Drinks
2022/07/07 21:01:15 FastKeys sid=138 , Winter Melon Citrus Trio
2022/07/07 21:01:15 FastKeys sid=139 , Winter Melon Lemon
2022/07/07 21:01:15 FastKeys sid=140 , Winter Melon Pearl
2022/07/07 21:01:15 FastKeys sid=141 , Winter Melon Herbal Jelly
2022/07/07 21:01:15 FastKeys sid=142 , Winter Melon Black Tea
2022/07/07 21:01:15 FastKeys sid=143 , Winter Melon Mtn Green Tea
2022/07/07 21:01:15 FastKeys sid=144 , Winter Melon Oolong Tea
2022/07/07 21:01:15 FastKeys sid=145 , Winter Melon Tea
2022/07/07 21:01:15 FastKeys sid=126 , Premium Fresh Milk Drinks
2022/07/07 21:01:15 FastKeys sid=146 , Matcha Latte
2022/07/07 21:01:15 FastKeys sid=147 , Red Bean Mlik
2022/07/07 21:01:15 FastKeys sid=148 , Brown Sugar Bopa Milk
2022/07/07 21:01:15 FastKeys sid=151 , Natural Taro Milk
2022/07/07 21:01:15 FastKeys sid=152 , Black Tea Latte
2022/07/07 21:01:15 FastKeys sid=153 , Mtn Green Tea Latte
2022/07/07 21:01:15 FastKeys sid=154 , Smoked Oolong Tea Latte
2022/07/07 21:01:15 FastKeys sid=155 , Premium Milk with Herbal Jelly
2022/07/07 21:01:15 FastKeys sid=173 , Papaya Milk
2022/07/07 21:01:15 FastKeys sid=337 , Taro Mash Milk
2022/07/07 21:01:15 FastKeys sid=338 , Taro Mash Jasmine Green Tea Latte
2022/07/07 21:01:15 FastKeys sid=356 , Jasmine Green Tea Latte
2022/07/07 21:01:15 FastKeys sid=127 , Deluxe Milk Teas
2022/07/07 21:01:15 FastKeys sid=156 , Family Trio Milk Tea
2022/07/07 21:01:15 FastKeys sid=157 , Pearl Milk Tea with Red Beans
2022/07/07 21:01:15 FastKeys sid=158 , Signature Milk Tea
2022/07/07 21:01:15 FastKeys sid=159 , Jasmine Milk Tea
2022/07/07 21:01:15 FastKeys sid=160 , Mtn Green Milk Tea
2022/07/07 21:01:15 FastKeys sid=161 , Oolong Milk Tea
2022/07/07 21:01:15 FastKeys sid=339 , Taro Mash Jasmine Milk Tea
2022/07/07 21:01:15 FastKeys sid=340 , Taro Mash Mtn Green Milk Tea
2022/07/07 21:01:15 FastKeys sid=128 , Blended Frappes
2022/07/07 21:01:15 FastKeys sid=149 , Matcha Smoothie with Red Bean
2022/07/07 21:01:15 FastKeys sid=162 , Red Bean Smoothie
2022/07/07 21:01:15 FastKeys sid=163 , Passionfruit Mango Frappe
2022/07/07 21:01:15 FastKeys sid=164 , Fig Jelly Citrus Lemon Frappe
2022/07/07 21:01:15 FastKeys sid=165 , Lychee Frappe with Aloe Vera
2022/07/07 21:01:15 FastKeys sid=171 , Taro Smoothie
2022/07/07 21:01:15 FastKeys sid=129 , Italian Gelato Drinks
2022/07/07 21:01:15 FastKeys sid=166 , Gelato Black Tea
2022/07/07 21:01:15 FastKeys sid=167 , Gelato Jasmine Tea
2022/07/07 21:01:15 FastKeys sid=168 , Gelato Mtn Green Tea
2022/07/07 21:01:15 FastKeys sid=169 , Gelato Smoked Oolong Tea
2022/07/07 21:01:15 FastKeys sid=130 , Something Else
2022/07/07 21:01:15 FastKeys sid=172 , Italian Gelato
2022/07/07 21:01:15 FastKeys sid=1386 , trala
2022/07/07 21:01:15 FastKeys sid=1370 , New Category2
2022/07/07 21:01:15 FastKeys sid=1385 , NewCategory
2022/07/07 21:01:15 FastKeys sid=1369 , Newest category
